[14-May-2020 05:41:11 UTC] PHP Warning:  Invalid argument supplied for foreach() in C:\Users\lusal\Local Sites\taita-taveta-university\app\public\wp-admin\includes\theme.php on line 557
[14-May-2020 05:41:11 UTC] PHP Stack trace:
[14-May-2020 05:41:11 UTC] PHP   1. {main}() C:\Users\lusal\Local Sites\taita-taveta-university\app\public\wp-admin\admin-ajax.php:0
[14-May-2020 05:41:11 UTC] PHP   2. do_action() C:\Users\lusal\Local Sites\taita-taveta-university\app\public\wp-admin\admin-ajax.php:175
[14-May-2020 05:41:11 UTC] PHP   3. WP_Hook->do_action() C:\Users\lusal\Local Sites\taita-taveta-university\app\public\wp-includes\plugin.php:478
[14-May-2020 05:41:11 UTC] PHP   4. WP_Hook->apply_filters() C:\Users\lusal\Local Sites\taita-taveta-university\app\public\wp-includes\class-wp-hook.php:311
[14-May-2020 05:41:11 UTC] PHP   5. wp_ajax_query_themes() C:\Users\lusal\Local Sites\taita-taveta-university\app\public\wp-includes\class-wp-hook.php:287
[14-May-2020 05:41:11 UTC] PHP   6. themes_api() C:\Users\lusal\Local Sites\taita-taveta-university\app\public\wp-admin\includes\ajax-actions.php:3512
[14-May-2020 05:41:23 UTC] PHP Warning:  Invalid argument supplied for foreach() in C:\Users\lusal\Local Sites\taita-taveta-university\app\public\wp-admin\includes\theme.php on line 557
[14-May-2020 05:41:23 UTC] PHP Stack trace:
[14-May-2020 05:41:23 UTC] PHP   1. {main}() C:\Users\lusal\Local Sites\taita-taveta-university\app\public\wp-admin\admin-ajax.php:0
[14-May-2020 05:41:23 UTC] PHP   2. do_action() C:\Users\lusal\Local Sites\taita-taveta-university\app\public\wp-admin\admin-ajax.php:175
[14-May-2020 05:41:23 UTC] PHP   3. WP_Hook->do_action() C:\Users\lusal\Local Sites\taita-taveta-university\app\public\wp-includes\plugin.php:478
[14-May-2020 05:41:23 UTC] PHP   4. WP_Hook->apply_filters() C:\Users\lusal\Local Sites\taita-taveta-university\app\public\wp-includes\class-wp-hook.php:311
[14-May-2020 05:41:23 UTC] PHP   5. wp_ajax_query_themes() C:\Users\lusal\Local Sites\taita-taveta-university\app\public\wp-includes\class-wp-hook.php:287
[14-May-2020 05:41:23 UTC] PHP   6. themes_api() C:\Users\lusal\Local Sites\taita-taveta-university\app\public\wp-admin\includes\ajax-actions.php:3512
[14-May-2020 05:42:52 UTC] PHP Warning:  Invalid argument supplied for foreach() in C:\Users\lusal\Local Sites\taita-taveta-university\app\public\wp-admin\includes\theme.php on line 557
[14-May-2020 05:42:52 UTC] PHP Stack trace:
[14-May-2020 05:42:52 UTC] PHP   1. {main}() C:\Users\lusal\Local Sites\taita-taveta-university\app\public\wp-admin\admin-ajax.php:0
[14-May-2020 05:42:52 UTC] PHP   2. do_action() C:\Users\lusal\Local Sites\taita-taveta-university\app\public\wp-admin\admin-ajax.php:175
[14-May-2020 05:42:52 UTC] PHP   3. WP_Hook->do_action() C:\Users\lusal\Local Sites\taita-taveta-university\app\public\wp-includes\plugin.php:478
[14-May-2020 05:42:52 UTC] PHP   4. WP_Hook->apply_filters() C:\Users\lusal\Local Sites\taita-taveta-university\app\public\wp-includes\class-wp-hook.php:311
[14-May-2020 05:42:52 UTC] PHP   5. wp_ajax_query_themes() C:\Users\lusal\Local Sites\taita-taveta-university\app\public\wp-includes\class-wp-hook.php:287
[14-May-2020 05:42:52 UTC] PHP   6. themes_api() C:\Users\lusal\Local Sites\taita-taveta-university\app\public\wp-admin\includes\ajax-actions.php:3512
[14-May-2020 05:42:54 UTC] PHP Warning:  Invalid argument supplied for foreach() in C:\Users\lusal\Local Sites\taita-taveta-university\app\public\wp-admin\includes\theme.php on line 557
[14-May-2020 05:42:54 UTC] PHP Stack trace:
[14-May-2020 05:42:54 UTC] PHP   1. {main}() C:\Users\lusal\Local Sites\taita-taveta-university\app\public\wp-admin\admin-ajax.php:0
[14-May-2020 05:42:54 UTC] PHP   2. do_action() C:\Users\lusal\Local Sites\taita-taveta-university\app\public\wp-admin\admin-ajax.php:175
[14-May-2020 05:42:54 UTC] PHP   3. WP_Hook->do_action() C:\Users\lusal\Local Sites\taita-taveta-university\app\public\wp-includes\plugin.php:478
[14-May-2020 05:42:54 UTC] PHP   4. WP_Hook->apply_filters() C:\Users\lusal\Local Sites\taita-taveta-university\app\public\wp-includes\class-wp-hook.php:311
[14-May-2020 05:42:54 UTC] PHP   5. wp_ajax_query_themes() C:\Users\lusal\Local Sites\taita-taveta-university\app\public\wp-includes\class-wp-hook.php:287
[14-May-2020 05:42:54 UTC] PHP   6. themes_api() C:\Users\lusal\Local Sites\taita-taveta-university\app\public\wp-admin\includes\ajax-actions.php:3512
[14-May-2020 05:52:29 UTC] PHP Warning:  An unexpected error occurred. Something may be wrong with WordPress.org or this server&#8217;s configuration. If you continue to have problems, please try the <a href="https://wordpress.org/support/forums/">support forums</a>. (WordPress could not establish a secure connection to WordPress.org. Please contact your server administrator.) in C:\Users\lusal\Local Sites\taita-taveta-university\app\public\wp-admin\includes\plugin-install.php on line 182
[14-May-2020 05:52:29 UTC] PHP Stack trace:
[14-May-2020 05:52:29 UTC] PHP   1. {main}() C:\Users\lusal\Local Sites\taita-taveta-university\app\public\wp-admin\plugin-install.php:0
[14-May-2020 05:52:29 UTC] PHP   2. do_action() C:\Users\lusal\Local Sites\taita-taveta-university\app\public\wp-admin\plugin-install.php:174
[14-May-2020 05:52:29 UTC] PHP   3. WP_Hook->do_action() C:\Users\lusal\Local Sites\taita-taveta-university\app\public\wp-includes\plugin.php:478
[14-May-2020 05:52:29 UTC] PHP   4. WP_Hook->apply_filters() C:\Users\lusal\Local Sites\taita-taveta-university\app\public\wp-includes\class-wp-hook.php:311
[14-May-2020 05:52:29 UTC] PHP   5. install_dashboard() C:\Users\lusal\Local Sites\taita-taveta-university\app\public\wp-includes\class-wp-hook.php:287
[14-May-2020 05:52:29 UTC] PHP   6. install_popular_tags() C:\Users\lusal\Local Sites\taita-taveta-university\app\public\wp-admin\includes\plugin-install.php:282
[14-May-2020 05:52:29 UTC] PHP   7. plugins_api() C:\Users\lusal\Local Sites\taita-taveta-university\app\public\wp-admin\includes\plugin-install.php:249
[14-May-2020 05:52:29 UTC] PHP   8. trigger_error() C:\Users\lusal\Local Sites\taita-taveta-university\app\public\wp-admin\includes\plugin-install.php:182
[14-May-2020 08:55:59 UTC] Astra: Batch Process Started!
[14-May-2020 08:55:59 UTC] Astra: Queuing 2.3.3 - astra_elementor_default_color_typo_comp
[14-May-2020 08:55:59 UTC] Astra: Queuing 2.3.4 - astra_breadcrumb_separator_fix
[14-May-2020 08:55:59 UTC] Astra: Queuing 2.4.0 - astra_responsive_base_background_option
[14-May-2020 08:55:59 UTC] Astra: Queuing 2.4.0 - astra_update_theme_tablet_breakpoint
[14-May-2020 08:59:18 UTC] Astra: Batch Process Started!
[14-May-2020 08:59:18 UTC] Astra: Running migration without batch processing.
[14-May-2020 08:59:18 UTC] Astra: db version updated successfully!
